[2025-05-14T10:29:24.158Z] POST /auth/token - Utente non autenticato - IP: ::1 - User-Agent: PostmanRuntime/7.43.4 - body: {
  "username": "matteo-balinzo",
  "password": "scuola123"
}
[2025-05-14T10:44:31.659Z] POST /admin/requests/0/approve - Utente non autenticato - IP: ::1 - User-Agent: Mozilla/5.0 (Windows NT 10.0; Win64; x64) AppleWebKit/537.36 (KHTML, like Gecko) Chrome/136.0.0.0 Safari/537.36 - body: nessun body
[2025-05-14T10:45:19.756Z] POST /auth/token - Utente non autenticato - IP: ::1 - User-Agent: PostmanRuntime/7.43.4 - body: {
  "username": "matteo",
  "password": "balinzo"
}
[2025-05-14T10:46:30.019Z] POST /auth/token - Utente non autenticato - IP: ::1 - User-Agent: PostmanRuntime/7.43.4 - body: {
  "username": "matteo-balinzo",
  "password": "scuola123",
  "ruolo": "studente"
}
[2025-05-14T10:46:46.932Z] POST /users - 0 (scuola_id: 0) - IP: ::1 - User-Agent: PostmanRuntime/7.43.4 - body: {
  "username": "matteo-balinzo",
  "password": "scuola123",
  "ruolo": "studente"
}
[2025-05-14T15:48:45.924Z] POST /auth/token - Utente non autenticato - IP: ::1 - User-Agent: PostmanRuntime/7.43.4 - body: {
  "username": "matteo",
  "password": "balinzo"
}
[2025-05-14T15:49:33.320Z] POST /users - 0 (scuola_id: 0) - IP: ::1 - User-Agent: PostmanRuntime/7.43.4 - body: {
  "username": "matteo-balinzo",
  "password": "scuola123",
  "ruolo": "studente"
}
[2025-05-14T15:56:42.238Z] POST /auth/token - Utente non autenticato - IP: ::1 - User-Agent: PostmanRuntime/7.43.4 - body: {
  "username": "matteo",
  "password": "balinzo"
}
[2025-05-14T15:57:04.554Z] POST /users - 0 (scuola_id: 0) - IP: ::1 - User-Agent: PostmanRuntime/7.43.4 - body: {
  "username": "matteo-balinzo",
  "password": "scuola123",
  "ruolo": "studente"
}
[2025-05-14T15:57:26.941Z] POST /users - 0 (scuola_id: 0) - IP: ::1 - User-Agent: PostmanRuntime/7.43.4 - body: {
  "username": "diego-stefanini",
  "password": "scuola123",
  "ruolo": "studente"
}
[2025-05-14T15:57:35.308Z] POST /users - 0 (scuola_id: 0) - IP: ::1 - User-Agent: PostmanRuntime/7.43.4 - body: {
  "username": "diego-stefanini",
  "password": "scuola123",
  "ruolo": "studente"
}
[2025-05-14T15:57:46.789Z] POST /users - 0 (scuola_id: 0) - IP: ::1 - User-Agent: PostmanRuntime/7.43.4 - body: {
  "username": "diego-stefanini",
  "password": "stefanini",
  "ruolo": "studente"
}
[2025-05-14T16:02:41.158Z] POST /users - 0 (scuola_id: 0) - IP: ::1 - User-Agent: PostmanRuntime/7.43.4 - body: {
  "username": "diego-stefanini",
  "password": "stefanini",
  "ruolo": "studente"
}
[2025-05-14T16:03:21.906Z] POST /users - 0 (scuola_id: 0) - IP: ::1 - User-Agent: PostmanRuntime/7.43.4 - body: {
  "username": "stefano-lenzi",
  "password": "scuola123",
  "ruolo": "docente"
}
[2025-05-15T07:53:56.102Z] POST /auth/token - Utente non autenticato - IP: ::1 - User-Agent: PostmanRuntime/7.43.4 - body: {
  "username": "matteo",
  "password": "balinzo"
}
[2025-05-15T19:39:41.361Z] POST /auth/token - Utente non autenticato - IP: ::1 - User-Agent: PostmanRuntime/7.43.4 - body: {
  "username": "matteo",
  "password": "balinzo"
}
[2025-05-15T19:51:29.462Z] POST /admin/requests/0/approve - Utente non autenticato - IP: ::1 - User-Agent: Mozilla/5.0 (Windows NT 10.0; Win64; x64) AppleWebKit/537.36 (KHTML, like Gecko) Chrome/136.0.0.0 Safari/537.36 - body: nessun body
[2025-05-15T19:51:55.070Z] POST /auth/token - Utente non autenticato - IP: ::1 - User-Agent: PostmanRuntime/7.43.4 - body: {
  "username": "matteo",
  "password": "balinzo"
}
[2025-05-15T19:57:33.083Z] POST /users - 0 (scuola_id: 0) - IP: ::1 - User-Agent: PostmanRuntime/7.43.4 - body: {
  "username": "matteo-balinzo",
  "password": "scuola123",
  "ruolo": "studente"
}
[2025-05-15T19:58:58.495Z] POST /users - 0 (scuola_id: 0) - IP: ::1 - User-Agent: PostmanRuntime/7.43.4 - body: {
  "username": "matteo-balinzo",
  "password": "scuola123",
  "ruolo": "studente"
}
[2025-05-15T20:03:45.714Z] POST /users - 0 (scuola_id: 0) - IP: ::1 - User-Agent: PostmanRuntime/7.43.4 - body: {
  "username": "matteo-balinzo",
  "password": "scuola123",
  "ruolo": "studente"
}
[2025-05-15T20:03:49.450Z] POST /users - 0 (scuola_id: 0) - IP: ::1 - User-Agent: PostmanRuntime/7.43.4 - body: {
  "username": "matteo-balinzo",
  "password": "scuola123",
  "ruolo": "studente"
}
[2025-05-16T07:04:16.679Z] POST /auth/token - Utente non autenticato - IP: ::1 - User-Agent: PostmanRuntime/7.43.4 - body: {
  "username": "matteo",
  "password": "balinzo"
}
[2025-05-16T07:10:50.712Z] POST /admin/requests/1/approve - Utente non autenticato - IP: ::1 - User-Agent: Mozilla/5.0 (Windows NT 10.0; Win64; x64) AppleWebKit/537.36 (KHTML, like Gecko) Chrome/136.0.0.0 Safari/537.36 - body: nessun body
[2025-05-16T07:11:22.253Z] POST /auth/token - Utente non autenticato - IP: ::1 - User-Agent: PostmanRuntime/7.43.4 - body: {
  "username": "matteo",
  "password": "balinzo"
}
[2025-05-16T07:13:45.338Z] POST /auth/token - Utente non autenticato - IP: ::1 - User-Agent: PostmanRuntime/7.43.4 - body: {
  "username": "matteo",
  "password": "balinzo"
}
[2025-05-16T08:06:22.846Z] POST /auth/token - Utente non autenticato - IP: ::1 - User-Agent: PostmanRuntime/7.43.4 - body: {
  "username": "matteo-balinzo",
  "password": "scuola123"
}
[2025-05-16T08:17:00.070Z] POST /auth/token - Utente non autenticato - IP: ::1 - User-Agent: PostmanRuntime/7.43.4 - body: {
  "username": "stefano-lenzi",
  "password": "scuola123"
}
[2025-05-16T09:55:43.767Z] POST /auth/token - Utente non autenticato - IP: ::1 - User-Agent: PostmanRuntime/7.43.4 - body: {
  "username": "mirco-ciriello",
  "password": "scuola123"
}
