[2025-05-16T07:14:37.355Z] POST /users - 1 (scuola_id: 1) - IP: ::1 - User-Agent: PostmanRuntime/7.43.4 - body: {
  "username": "matteo-balinzo",
  "password": "scuola123",
  "ruolo": "studente"
}
[2025-05-16T07:14:52.121Z] POST /users - 1 (scuola_id: 1) - IP: ::1 - User-Agent: PostmanRuntime/7.43.4 - body: {
  "username": "diego-stefanini",
  "password": "scuola123",
  "ruolo": "studente"
}
[2025-05-16T07:15:04.886Z] POST /users - 1 (scuola_id: 1) - IP: ::1 - User-Agent: PostmanRuntime/7.43.4 - body: {
  "username": "andrea-romboli",
  "password": "scuola123",
  "ruolo": "studente"
}
[2025-05-16T07:15:26.272Z] POST /users - 1 (scuola_id: 1) - IP: ::1 - User-Agent: PostmanRuntime/7.43.4 - body: {
  "username": "mirco-ciriello",
  "password": "scuola123",
  "ruolo": "docente"
}
[2025-05-16T07:15:37.058Z] POST /users - 1 (scuola_id: 1) - IP: ::1 - User-Agent: PostmanRuntime/7.43.4 - body: {
  "username": "stefano-lenzi",
  "password": "scuola123",
  "ruolo": "docente"
}
[2025-05-16T08:08:25.121Z] POST /iscrizioni - 2 (scuola_id: 1) - IP: ::1 - User-Agent: PostmanRuntime/7.43.4 - body: {
  "corso_id": 1
}
[2025-05-16T08:08:32.611Z] POST /iscrizioni - 2 (scuola_id: 1) - IP: ::1 - User-Agent: PostmanRuntime/7.43.4 - body: {
  "corso_id": 2
}
[2025-05-20T07:10:03.736Z] POST /corsi - 6 (scuola_id: 1) - IP: ::1 - User-Agent: PostmanRuntime/7.44.0 - body: {
  "titolo": "Nome del corso",
  "descrizione": "Descrizione del corso"
}
[2025-05-20T07:10:25.431Z] PUT /corsi/5 - 6 (scuola_id: 1) - IP: ::1 - User-Agent: PostmanRuntime/7.44.0 - body: {
  "titolo": "ciao",
  "descrizione": "Descrizione del corso"
}
[2025-05-20T07:10:31.016Z] DELETE /corsi/5 - 6 (scuola_id: 1) - IP: ::1 - User-Agent: PostmanRuntime/7.44.0 - body: {
  "titolo": "ciao",
  "descrizione": "Descrizione del corso"
}
[2025-05-20T07:12:38.083Z] POST /iscrizioni - 2 (scuola_id: 1) - IP: ::1 - User-Agent: PostmanRuntime/7.44.0 - body: {
  "corso_id": 3
}
[2025-05-20T07:14:37.685Z] DELETE /iscrizioni - 2 (scuola_id: 1) - IP: ::1 - User-Agent: PostmanRuntime/7.44.0 - body: {
  "corso_id": 3
}
[2025-05-20T10:21:33.728Z] POST /presenza - 6 (scuola_id: 1) - IP: ::1 - User-Agent: PostmanRuntime/7.44.0 - body: {
  "lezione_id": 11,
  "studente_id": 2,
  "presente": 1
}
[2025-05-20T10:30:54.250Z] POST /iscrizioni - 3 (scuola_id: 1) - IP: ::1 - User-Agent: PostmanRuntime/7.44.0 - body: {
  "corso_id": 1
}
[2025-05-20T10:30:58.903Z] POST /iscrizioni - 3 (scuola_id: 1) - IP: ::1 - User-Agent: PostmanRuntime/7.44.0 - body: {
  "corso_id": 2
}
[2025-05-20T13:43:00.375Z] DELETE /presenza/2 - 3 (scuola_id: 1) - IP: ::1 - User-Agent: PostmanRuntime/7.44.0 - body: {
  "lezione_id": 10
}
[2025-05-20T13:46:31.132Z] DELETE /presenza/2 - 6 (scuola_id: 1) - IP: ::1 - User-Agent: PostmanRuntime/7.44.0 - body: {
  "username": "stefano-lenzi",
  "password": "scuola123"
}
